Picked up JAVA_TOOL_OPTIONS: -Djdk.lang.Process.allowAmbiguousCommands=true
WARNING: A restricted method in java.lang.System has been called
WARNING: java.lang.System::load has been called by net.rubygrapefruit.platform.internal.NativeLibraryLoader in an unnamed module (file:/C:/Users/LENOVO/.gradle/wrapper/dists/gradle-8.5-bin/5t9huq95ubn472n8rpzujfbqh/gradle-8.5/lib/native-platform-0.22-milestone-25.jar)
WARNING: Use --enable-native-access=ALL-UNNAMED to avoid a warning for callers in this module
WARNING: Restricted methods will be blocked in a future release unless native access is enabled


FAILURE: Build failed with an exception.

* What went wrong:
Could not open settings generic class cache for settings file 'C:\Users\LENOVO\Desktop\autocode\settings.gradle' (C:\Users\LENOVO\.gradle\caches\8.5\scripts\11ry8rsi764vnom8vcv1jbvrw).
> BUG! exception in phase 'semantic analysis' in source unit '_BuildScript_' Unsupported class file major version 68

* Try:
> Run with --stacktrace option to get the stack trace.
> Run with --info or --debug option to get more log output.
> Run with --scan to get full insights.
> Get more help at https://help.gradle.org.

BUILD FAILED in 11s
